TN:
SF:/Users/irina_crm/Documents/workspace/NG2/wechatboilertemplate/src/app.js
FN:17,(anonymous_0)
FN:21,(anonymous_1)
FNF:2
FNH:2
FNDA:1,(anonymous_0)
FNDA:2,(anonymous_1)
DA:3,1
DA:4,1
DA:6,1
DA:7,1
DA:8,1
DA:9,1
DA:11,1
DA:18,1
DA:19,1
DA:22,2
DA:27,1
LF:11
LH:11
BRF:0
BRH:0
end_of_record
TN:
SF:/Users/irina_crm/Documents/workspace/NG2/wechatboilertemplate/src/js/welcome/welcome.module.js
FN:13,(anonymous_0)
FNF:1
FNH:1
FNDA:2,(anonymous_0)
DA:3,1
DA:5,1
DA:6,1
DA:8,1
DA:14,2
DA:24,1
LF:6
LH:6
BRF:0
BRH:0
end_of_record
TN:
SF:/Users/irina_crm/Documents/workspace/NG2/wechatboilertemplate/src/js/welcome/welcome.ctrl.js
FN:3,WelcomeCtrl
FN:25,(anonymous_1)
FNF:2
FNH:1
FNDA:1,WelcomeCtrl
FNDA:0,(anonymous_1)
DA:3,1
DA:7,1
DA:8,1
DA:10,1
DA:23,1
DA:25,1
DA:26,0
LF:7
LH:6
BRF:0
BRH:0
end_of_record
TN:
SF:/Users/irina_crm/Documents/workspace/NG2/wechatboilertemplate/src/js/form/form.module.js
FN:13,(anonymous_0)
FNF:1
FNH:1
FNDA:2,(anonymous_0)
DA:3,1
DA:5,1
DA:6,1
DA:8,1
DA:14,2
LF:5
LH:5
BRF:0
BRH:0
end_of_record
TN:
SF:/Users/irina_crm/Documents/workspace/NG2/wechatboilertemplate/src/js/form/form.ctrl.js
FN:3,FormCtrl
FN:8,(anonymous_1)
FN:15,(anonymous_2)
FN:26,(anonymous_3)
FNF:4
FNH:0
FNDA:0,FormCtrl
FNDA:0,(anonymous_1)
FNDA:0,(anonymous_2)
FNDA:0,(anonymous_3)
DA:3,1
DA:4,0
DA:6,0
DA:8,0
DA:13,0
DA:14,0
DA:16,0
DA:17,0
DA:21,0
DA:26,0
DA:38,0
LF:11
LH:1
BRDA:16,0,0,0
BRDA:16,0,1,0
BRF:2
BRH:0
end_of_record
TN:
SF:/Users/irina_crm/Documents/workspace/NG2/wechatboilertemplate/src/js/terms/terms.module.js
FN:13,(anonymous_0)
FNF:1
FNH:1
FNDA:2,(anonymous_0)
DA:3,1
DA:5,1
DA:6,1
DA:8,1
DA:14,2
LF:5
LH:5
BRF:0
BRH:0
end_of_record
TN:
SF:/Users/irina_crm/Documents/workspace/NG2/wechatboilertemplate/src/js/terms/terms.ctrl.js
FN:3,TermsCtrl
FN:6,(anonymous_1)
FN:11,(anonymous_2)
FNF:3
FNH:0
FNDA:0,TermsCtrl
FNDA:0,(anonymous_1)
FNDA:0,(anonymous_2)
DA:3,1
DA:4,0
DA:6,0
DA:7,0
DA:8,0
DA:11,0
DA:12,0
LF:7
LH:1
BRF:0
BRH:0
end_of_record
TN:
SF:/Users/irina_crm/Documents/workspace/NG2/wechatboilertemplate/src/js/success/success.module.js
FN:13,(anonymous_0)
FNF:1
FNH:1
FNDA:2,(anonymous_0)
DA:3,1
DA:5,1
DA:6,1
DA:8,1
DA:14,2
LF:5
LH:5
BRF:0
BRH:0
end_of_record
TN:
SF:/Users/irina_crm/Documents/workspace/NG2/wechatboilertemplate/src/js/success/success.ctrl.js
FN:3,SuccessCtrl
FN:6,(anonymous_1)
FNF:2
FNH:0
FNDA:0,SuccessCtrl
FNDA:0,(anonymous_1)
DA:3,1
DA:4,0
DA:6,0
DA:7,0
LF:4
LH:1
BRF:0
BRH:0
end_of_record
